  [4;36;1mSQL (0.3ms)[0m   [0;1m SELECT name
 FROM sqlite_master
 WHERE type = 'table' AND NOT name = 'sqlite_sequence'
[0m
  [4;35;1mSQL (0.1ms)[0m   [0mselect sqlite_version(*)[0m
  [4;36;1mSQL (2.7ms)[0m   [0;1mCREATE TABLE "schema_migrations" ("version" varchar(255) NOT NULL) [0m
  [4;35;1mSQL (2.1ms)[0m   [0mCREATE UNIQUE INDEX "unique_schema_migrations" ON "schema_migrations" ("version")[0m
  [4;36;1mSQL (0.2ms)[0m   [0;1m SELECT name
 FROM sqlite_master
 WHERE type = 'table' AND NOT name = 'sqlite_sequence'
[0m
  [4;35;1mSQL (1.9ms)[0m   [0mSELECT version FROM schema_migrations[0m
Migrating to CreateScalarMessages (20100121032754)
  [4;36;1mSQL (0.4ms)[0m   [0;1m SELECT name
 FROM sqlite_master
 WHERE type = 'table' AND NOT name = 'sqlite_sequence'
[0m
  [4;35;1mSQL (0.6ms)[0m   [0mSELECT version FROM schema_migrations[0m
Migrating to CreateScalarMessages (20100121032754)
  [4;36;1mSQL (0.2ms)[0m   [0;1mselect sqlite_version(*)[0m
  [4;35;1mSQL (0.6ms)[0m   [0mCREATE TABLE "scalar_messages" ("id" INTEGER PRIMARY KEY AUTOINCREMENT NOT NULL, "data" integer, "created_at" datetime, "updated_at" datetime) [0m
  [4;36;1mSQL (0.1ms)[0m   [0;1mINSERT INTO schema_migrations (version) VALUES ('20100121032754')[0m
Migrating to CreateScalarArrayMessages (20100121032806)
  [4;35;1mSQL (0.7ms)[0m   [0mCREATE TABLE "scalar_array_messages" ("id" INTEGER PRIMARY KEY AUTOINCREMENT NOT NULL, "data_1" integer, "data_2" integer, "data_3" integer, "data_4" integer, "data_5" integer, "data_6" integer, "data_7" integer, "data_8" integer, "data_9" integer, "data_10" integer, "created_at" datetime, "updated_at" datetime) [0m
  [4;36;1mSQL (0.2ms)[0m   [0;1mINSERT INTO schema_migrations (version) VALUES ('20100121032806')[0m
Migrating to CreateScalarBigArrayMessages (20100121032817)
  [4;35;1mSQL (0.8ms)[0m   [0mCREATE TABLE "scalar_big_array_messages" ("id" INTEGER PRIMARY KEY AUTOINCREMENT NOT NULL, "data_1" integer, "data_2" integer, "data_3" integer, "data_4" integer, "data_5" integer, "data_6" integer, "data_7" integer, "data_8" integer, "data_9" integer, "data_10" integer, "data_11" integer, "data_12" integer, "data_13" integer, "data_14" integer, "data_15" integer, "data_16" integer, "data_17" integer, "data_18" integer, "data_19" integer, "data_20" integer, "data_21" integer, "data_22" integer, "data_23" integer, "data_24" integer, "data_25" integer, "data_26" integer, "data_27" integer, "data_28" integer, "data_29" integer, "data_30" integer, "data_31" integer, "data_32" integer, "data_33" integer, "data_34" integer, "data_35" integer, "data_36" integer, "data_37" integer, "data_38" integer, "data_39" integer, "data_40" integer, "data_41" integer, "data_42" integer, "data_43" integer, "data_44" integer, "data_45" integer, "data_46" integer, "data_47" integer, "data_48" integer, "data_49" integer, "data_50" integer, "data_51" integer, "data_52" integer, "data_53" integer, "data_54" integer, "data_55" integer, "data_56" integer, "data_57" integer, "data_58" integer, "data_59" integer, "data_60" integer, "data_61" integer, "data_62" integer, "data_63" integer, "data_64" integer, "data_65" integer, "data_66" integer, "data_67" integer, "data_68" integer, "data_69" integer, "data_70" integer, "data_71" integer, "data_72" integer, "data_73" integer, "data_74" integer, "data_75" integer, "data_76" integer, "data_77" integer, "data_78" integer, "data_79" integer, "data_80" integer, "data_81" integer, "data_82" integer, "data_83" integer, "data_84" integer, "data_85" integer, "data_86" integer, "data_87" integer, "data_88" integer, "data_89" integer, "data_90" integer, "data_91" integer, "data_92" integer, "data_93" integer, "data_94" integer, "data_95" integer, "data_96" integer, "data_97" integer, "data_98" integer, "data_99" integer, "data_100" integer, "created_at" datetime, "updated_at" datetime) [0m
  [4;36;1mSQL (0.1ms)[0m   [0;1mINSERT INTO schema_migrations (version) VALUES ('20100121032817')[0m
Migrating to CreateStringMessages (20100121032825)
  [4;35;1mSQL (0.4ms)[0m   [0mCREATE TABLE "string_messages" ("id" INTEGER PRIMARY KEY AUTOINCREMENT NOT NULL, "data" varchar(255), "created_at" datetime, "updated_at" datetime) [0m
  [4;36;1mSQL (0.1ms)[0m   [0;1mINSERT INTO schema_migrations (version) VALUES ('20100121032825')[0m
Migrating to CreateStringArrayMessages (20100121032834)
  [4;35;1mSQL (0.6ms)[0m   [0mCREATE TABLE "string_array_messages" ("id" INTEGER PRIMARY KEY AUTOINCREMENT NOT NULL, "data_1" varchar(255), "data_2" varchar(255), "data_3" varchar(255), "data_4" varchar(255), "data_5" varchar(255), "data_6" varchar(255), "data_7" varchar(255), "data_8" varchar(255), "data_9" varchar(255), "data_10" varchar(255), "created_at" datetime, "updated_at" datetime) [0m
  [4;36;1mSQL (0.2ms)[0m   [0;1mINSERT INTO schema_migrations (version) VALUES ('20100121032834')[0m
Migrating to CreateStringBigArrayMessages (20100121032854)
  [4;35;1mSQL (15.0ms)[0m   [0mCREATE TABLE "string_big_array_messages" ("id" INTEGER PRIMARY KEY AUTOINCREMENT NOT NULL, "data_1" varchar(255), "data_2" varchar(255), "data_3" varchar(255), "data_4" varchar(255), "data_5" varchar(255), "data_6" varchar(255), "data_7" varchar(255), "data_8" varchar(255), "data_9" varchar(255), "data_10" varchar(255), "data_11" varchar(255), "data_12" varchar(255), "data_13" varchar(255), "data_14" varchar(255), "data_15" varchar(255), "data_16" varchar(255), "data_17" varchar(255), "data_18" varchar(255), "data_19" varchar(255), "data_20" varchar(255), "data_21" varchar(255), "data_22" varchar(255), "data_23" varchar(255), "data_24" varchar(255), "data_25" varchar(255), "data_26" varchar(255), "data_27" varchar(255), "data_28" varchar(255), "data_29" varchar(255), "data_30" varchar(255), "data_31" varchar(255), "data_32" varchar(255), "data_33" varchar(255), "data_34" varchar(255), "data_35" varchar(255), "data_36" varchar(255), "data_37" varchar(255), "data_38" varchar(255), "data_39" varchar(255), "data_40" varchar(255), "data_41" varchar(255), "data_42" varchar(255), "data_43" varchar(255), "data_44" varchar(255), "data_45" varchar(255), "data_46" varchar(255), "data_47" varchar(255), "data_48" varchar(255), "data_49" varchar(255), "data_50" varchar(255), "data_51" varchar(255), "data_52" varchar(255), "data_53" varchar(255), "data_54" varchar(255), "data_55" varchar(255), "data_56" varchar(255), "data_57" varchar(255), "data_58" varchar(255), "data_59" varchar(255), "data_60" varchar(255), "data_61" varchar(255), "data_62" varchar(255), "data_63" varchar(255), "data_64" varchar(255), "data_65" varchar(255), "data_66" varchar(255), "data_67" varchar(255), "data_68" varchar(255), "data_69" varchar(255), "data_70" varchar(255), "data_71" varchar(255), "data_72" varchar(255), "data_73" varchar(255), "data_74" varchar(255), "data_75" varchar(255), "data_76" varchar(255), "data_77" varchar(255), "data_78" varchar(255), "data_79" varchar(255), "data_80" varchar(255), "data_81" varchar(255), "data_82" varchar(255), "data_83" varchar(255), "data_84" varchar(255), "data_85" varchar(255), "data_86" varchar(255), "data_87" varchar(255), "data_88" varchar(255), "data_89" varchar(255), "data_90" varchar(255), "data_91" varchar(255), "data_92" varchar(255), "data_93" varchar(255), "data_94" varchar(255), "data_95" varchar(255), "data_96" varchar(255), "data_97" varchar(255), "data_98" varchar(255), "data_99" varchar(255), "data_100" varchar(255), "created_at" datetime, "updated_at" datetime) [0m
  [4;36;1mSQL (0.3ms)[0m   [0;1mINSERT INTO schema_migrations (version) VALUES ('20100121032854')[0m
Migrating to CreateBigStringMessages (20100121032906)
  [4;35;1mSQL (0.6ms)[0m   [0mCREATE TABLE "big_string_messages" ("id" INTEGER PRIMARY KEY AUTOINCREMENT NOT NULL, "data" text, "created_at" datetime, "updated_at" datetime) [0m
  [4;36;1mSQL (0.2ms)[0m   [0;1mINSERT INTO schema_migrations (version) VALUES ('20100121032906')[0m
Migrating to CreateBigStringArrayMessages (20100121032915)
  [4;35;1mSQL (0.7ms)[0m   [0mCREATE TABLE "big_string_array_messages" ("id" INTEGER PRIMARY KEY AUTOINCREMENT NOT NULL, "data_1" text, "data_2" text, "data_3" text, "data_4" text, "data_5" text, "data_6" text, "data_7" text, "data_8" text, "data_9" text, "data_10" text, "created_at" datetime, "updated_at" datetime) [0m
  [4;36;1mSQL (0.2ms)[0m   [0;1mINSERT INTO schema_migrations (version) VALUES ('20100121032915')[0m
Migrating to CreateBigStringBigArrayMessages (20100121032928)
  [4;35;1mSQL (0.8ms)[0m   [0mCREATE TABLE "big_string_big_array_messages" ("id" INTEGER PRIMARY KEY AUTOINCREMENT NOT NULL, "data_1" text, "data_2" text, "data_3" text, "data_4" text, "data_5" text, "data_6" text, "data_7" text, "data_8" text, "data_9" text, "data_10" text, "data_11" text, "data_12" text, "data_13" text, "data_14" text, "data_15" text, "data_16" text, "data_17" text, "data_18" text, "data_19" text, "data_20" text, "data_21" text, "data_22" text, "data_23" text, "data_24" text, "data_25" text, "data_26" text, "data_27" text, "data_28" text, "data_29" text, "data_30" text, "data_31" text, "data_32" text, "data_33" text, "data_34" text, "data_35" text, "data_36" text, "data_37" text, "data_38" text, "data_39" text, "data_40" text, "data_41" text, "data_42" text, "data_43" text, "data_44" text, "data_45" text, "data_46" text, "data_47" text, "data_48" text, "data_49" text, "data_50" text, "data_51" text, "data_52" text, "data_53" text, "data_54" text, "data_55" text, "data_56" text, "data_57" text, "data_58" text, "data_59" text, "data_60" text, "data_61" text, "data_62" text, "data_63" text, "data_64" text, "data_65" text, "data_66" text, "data_67" text, "data_68" text, "data_69" text, "data_70" text, "data_71" text, "data_72" text, "data_73" text, "data_74" text, "data_75" text, "data_76" text, "data_77" text, "data_78" text, "data_79" text, "data_80" text, "data_81" text, "data_82" text, "data_83" text, "data_84" text, "data_85" text, "data_86" text, "data_87" text, "data_88" text, "data_89" text, "data_90" text, "data_91" text, "data_92" text, "data_93" text, "data_94" text, "data_95" text, "data_96" text, "data_97" text, "data_98" text, "data_99" text, "data_100" text, "created_at" datetime, "updated_at" datetime) [0m
  [4;36;1mSQL (0.1ms)[0m   [0;1mINSERT INTO schema_migrations (version) VALUES ('20100121032928')[0m
  [4;35;1mSQL (0.6ms)[0m   [0m SELECT name
 FROM sqlite_master
 WHERE type = 'table' AND NOT name = 'sqlite_sequence'
[0m
  [4;36;1mSQL (0.3ms)[0m   [0;1mSELECT version FROM schema_migrations[0m
  [4;35;1mSQL (0.3ms)[0m   [0m SELECT name
 FROM sqlite_master
 WHERE type = 'table' AND NOT name = 'sqlite_sequence'
[0m
  [4;36;1mSQL (0.1ms)[0m   [0;1mPRAGMA index_list("big_string_array_messages")[0m
  [4;35;1mSQL (0.1ms)[0m   [0mPRAGMA index_list("big_string_big_array_messages")[0m
  [4;36;1mSQL (0.1ms)[0m   [0;1mPRAGMA index_list("big_string_messages")[0m
  [4;35;1mSQL (0.1ms)[0m   [0mPRAGMA index_list("scalar_array_messages")[0m
  [4;36;1mSQL (0.1ms)[0m   [0;1mPRAGMA index_list("scalar_big_array_messages")[0m
  [4;35;1mSQL (0.1ms)[0m   [0mPRAGMA index_list("scalar_messages")[0m
  [4;36;1mSQL (0.1ms)[0m   [0;1mPRAGMA index_list("string_array_messages")[0m
  [4;35;1mSQL (0.1ms)[0m   [0mPRAGMA index_list("string_big_array_messages")[0m
  [4;36;1mSQL (0.0ms)[0m   [0;1mPRAGMA index_list("string_messages")[0m
  [4;36;1mSQL (3.9ms)[0m   [0;1m SELECT name
 FROM sqlite_master
 WHERE type = 'table' AND NOT name = 'sqlite_sequence'
[0m
  [4;35;1mSQL (0.5ms)[0m   [0mSELECT version FROM schema_migrations[0m
  [4;36;1mSQL (0.2ms)[0m   [0;1mselect sqlite_version(*)[0m
  [4;35;1mSQL (0.2ms)[0m   [0m SELECT name
 FROM sqlite_master
 WHERE type = 'table' AND NOT name = 'sqlite_sequence'
[0m
  [4;36;1mSQL (2.9ms)[0m   [0;1mCREATE TABLE "big_string_array_messages" ("id" INTEGER PRIMARY KEY AUTOINCREMENT NOT NULL, "data_1" text, "data_2" text, "data_3" text, "data_4" text, "data_5" text, "data_6" text, "data_7" text, "data_8" text, "data_9" text, "data_10" text, "created_at" datetime, "updated_at" datetime) [0m
  [4;35;1mSQL (0.3ms)[0m   [0m SELECT name
 FROM sqlite_master
 WHERE type = 'table' AND NOT name = 'sqlite_sequence'
[0m
  [4;36;1mSQL (2.4ms)[0m   [0;1mCREATE TABLE "big_string_big_array_messages" ("id" INTEGER PRIMARY KEY AUTOINCREMENT NOT NULL, "data_1" text, "data_2" text, "data_3" text, "data_4" text, "data_5" text, "data_6" text, "data_7" text, "data_8" text, "data_9" text, "data_10" text, "data_11" text, "data_12" text, "data_13" text, "data_14" text, "data_15" text, "data_16" text, "data_17" text, "data_18" text, "data_19" text, "data_20" text, "data_21" text, "data_22" text, "data_23" text, "data_24" text, "data_25" text, "data_26" text, "data_27" text, "data_28" text, "data_29" text, "data_30" text, "data_31" text, "data_32" text, "data_33" text, "data_34" text, "data_35" text, "data_36" text, "data_37" text, "data_38" text, "data_39" text, "data_40" text, "data_41" text, "data_42" text, "data_43" text, "data_44" text, "data_45" text, "data_46" text, "data_47" text, "data_48" text, "data_49" text, "data_50" text, "data_51" text, "data_52" text, "data_53" text, "data_54" text, "data_55" text, "data_56" text, "data_57" text, "data_58" text, "data_59" text, "data_60" text, "data_61" text, "data_62" text, "data_63" text, "data_64" text, "data_65" text, "data_66" text, "data_67" text, "data_68" text, "data_69" text, "data_70" text, "data_71" text, "data_72" text, "data_73" text, "data_74" text, "data_75" text, "data_76" text, "data_77" text, "data_78" text, "data_79" text, "data_80" text, "data_81" text, "data_82" text, "data_83" text, "data_84" text, "data_85" text, "data_86" text, "data_87" text, "data_88" text, "data_89" text, "data_90" text, "data_91" text, "data_92" text, "data_93" text, "data_94" text, "data_95" text, "data_96" text, "data_97" text, "data_98" text, "data_99" text, "data_100" text, "created_at" datetime, "updated_at" datetime) [0m
  [4;35;1mSQL (0.3ms)[0m   [0m SELECT name
 FROM sqlite_master
 WHERE type = 'table' AND NOT name = 'sqlite_sequence'
[0m
  [4;36;1mSQL (2.2ms)[0m   [0;1mCREATE TABLE "big_string_messages" ("id" INTEGER PRIMARY KEY AUTOINCREMENT NOT NULL, "data" text, "created_at" datetime, "updated_at" datetime) [0m
  [4;35;1mSQL (0.3ms)[0m   [0m SELECT name
 FROM sqlite_master
 WHERE type = 'table' AND NOT name = 'sqlite_sequence'
[0m
  [4;36;1mSQL (2.8ms)[0m   [0;1mCREATE TABLE "scalar_array_messages" ("id" INTEGER PRIMARY KEY AUTOINCREMENT NOT NULL, "data_1" integer, "data_2" integer, "data_3" integer, "data_4" integer, "data_5" integer, "data_6" integer, "data_7" integer, "data_8" integer, "data_9" integer, "data_10" integer, "created_at" datetime, "updated_at" datetime) [0m
  [4;35;1mSQL (0.4ms)[0m   [0m SELECT name
 FROM sqlite_master
 WHERE type = 'table' AND NOT name = 'sqlite_sequence'
[0m
  [4;36;1mSQL (2.9ms)[0m   [0;1mCREATE TABLE "scalar_big_array_messages" ("id" INTEGER PRIMARY KEY AUTOINCREMENT NOT NULL, "data_1" integer, "data_2" integer, "data_3" integer, "data_4" integer, "data_5" integer, "data_6" integer, "data_7" integer, "data_8" integer, "data_9" integer, "data_10" integer, "data_11" integer, "data_12" integer, "data_13" integer, "data_14" integer, "data_15" integer, "data_16" integer, "data_17" integer, "data_18" integer, "data_19" integer, "data_20" integer, "data_21" integer, "data_22" integer, "data_23" integer, "data_24" integer, "data_25" integer, "data_26" integer, "data_27" integer, "data_28" integer, "data_29" integer, "data_30" integer, "data_31" integer, "data_32" integer, "data_33" integer, "data_34" integer, "data_35" integer, "data_36" integer, "data_37" integer, "data_38" integer, "data_39" integer, "data_40" integer, "data_41" integer, "data_42" integer, "data_43" integer, "data_44" integer, "data_45" integer, "data_46" integer, "data_47" integer, "data_48" integer, "data_49" integer, "data_50" integer, "data_51" integer, "data_52" integer, "data_53" integer, "data_54" integer, "data_55" integer, "data_56" integer, "data_57" integer, "data_58" integer, "data_59" integer, "data_60" integer, "data_61" integer, "data_62" integer, "data_63" integer, "data_64" integer, "data_65" integer, "data_66" integer, "data_67" integer, "data_68" integer, "data_69" integer, "data_70" integer, "data_71" integer, "data_72" integer, "data_73" integer, "data_74" integer, "data_75" integer, "data_76" integer, "data_77" integer, "data_78" integer, "data_79" integer, "data_80" integer, "data_81" integer, "data_82" integer, "data_83" integer, "data_84" integer, "data_85" integer, "data_86" integer, "data_87" integer, "data_88" integer, "data_89" integer, "data_90" integer, "data_91" integer, "data_92" integer, "data_93" integer, "data_94" integer, "data_95" integer, "data_96" integer, "data_97" integer, "data_98" integer, "data_99" integer, "data_100" integer, "created_at" datetime, "updated_at" datetime) [0m
  [4;35;1mSQL (0.3ms)[0m   [0m SELECT name
 FROM sqlite_master
 WHERE type = 'table' AND NOT name = 'sqlite_sequence'
[0m
  [4;36;1mSQL (2.4ms)[0m   [0;1mCREATE TABLE "scalar_messages" ("id" INTEGER PRIMARY KEY AUTOINCREMENT NOT NULL, "data" integer, "created_at" datetime, "updated_at" datetime) [0m
  [4;35;1mSQL (0.4ms)[0m   [0m SELECT name
 FROM sqlite_master
 WHERE type = 'table' AND NOT name = 'sqlite_sequence'
[0m
  [4;36;1mSQL (2.1ms)[0m   [0;1mCREATE TABLE "string_array_messages" ("id" INTEGER PRIMARY KEY AUTOINCREMENT NOT NULL, "data_1" varchar(255), "data_2" varchar(255), "data_3" varchar(255), "data_4" varchar(255), "data_5" varchar(255), "data_6" varchar(255), "data_7" varchar(255), "data_8" varchar(255), "data_9" varchar(255), "data_10" varchar(255), "created_at" datetime, "updated_at" datetime) [0m
  [4;35;1mSQL (0.4ms)[0m   [0m SELECT name
 FROM sqlite_master
 WHERE type = 'table' AND NOT name = 'sqlite_sequence'
[0m
  [4;36;1mSQL (3.1ms)[0m   [0;1mCREATE TABLE "string_big_array_messages" ("id" INTEGER PRIMARY KEY AUTOINCREMENT NOT NULL, "data_1" varchar(255), "data_2" varchar(255), "data_3" varchar(255), "data_4" varchar(255), "data_5" varchar(255), "data_6" varchar(255), "data_7" varchar(255), "data_8" varchar(255), "data_9" varchar(255), "data_10" varchar(255), "data_11" varchar(255), "data_12" varchar(255), "data_13" varchar(255), "data_14" varchar(255), "data_15" varchar(255), "data_16" varchar(255), "data_17" varchar(255), "data_18" varchar(255), "data_19" varchar(255), "data_20" varchar(255), "data_21" varchar(255), "data_22" varchar(255), "data_23" varchar(255), "data_24" varchar(255), "data_25" varchar(255), "data_26" varchar(255), "data_27" varchar(255), "data_28" varchar(255), "data_29" varchar(255), "data_30" varchar(255), "data_31" varchar(255), "data_32" varchar(255), "data_33" varchar(255), "data_34" varchar(255), "data_35" varchar(255), "data_36" varchar(255), "data_37" varchar(255), "data_38" varchar(255), "data_39" varchar(255), "data_40" varchar(255), "data_41" varchar(255), "data_42" varchar(255), "data_43" varchar(255), "data_44" varchar(255), "data_45" varchar(255), "data_46" varchar(255), "data_47" varchar(255), "data_48" varchar(255), "data_49" varchar(255), "data_50" varchar(255), "data_51" varchar(255), "data_52" varchar(255), "data_53" varchar(255), "data_54" varchar(255), "data_55" varchar(255), "data_56" varchar(255), "data_57" varchar(255), "data_58" varchar(255), "data_59" varchar(255), "data_60" varchar(255), "data_61" varchar(255), "data_62" varchar(255), "data_63" varchar(255), "data_64" varchar(255), "data_65" varchar(255), "data_66" varchar(255), "data_67" varchar(255), "data_68" varchar(255), "data_69" varchar(255), "data_70" varchar(255), "data_71" varchar(255), "data_72" varchar(255), "data_73" varchar(255), "data_74" varchar(255), "data_75" varchar(255), "data_76" varchar(255), "data_77" varchar(255), "data_78" varchar(255), "data_79" varchar(255), "data_80" varchar(255), "data_81" varchar(255), "data_82" varchar(255), "data_83" varchar(255), "data_84" varchar(255), "data_85" varchar(255), "data_86" varchar(255), "data_87" varchar(255), "data_88" varchar(255), "data_89" varchar(255), "data_90" varchar(255), "data_91" varchar(255), "data_92" varchar(255), "data_93" varchar(255), "data_94" varchar(255), "data_95" varchar(255), "data_96" varchar(255), "data_97" varchar(255), "data_98" varchar(255), "data_99" varchar(255), "data_100" varchar(255), "created_at" datetime, "updated_at" datetime) [0m
  [4;35;1mSQL (0.4ms)[0m   [0m SELECT name
 FROM sqlite_master
 WHERE type = 'table' AND NOT name = 'sqlite_sequence'
[0m
  [4;36;1mSQL (2.6ms)[0m   [0;1mCREATE TABLE "string_messages" ("id" INTEGER PRIMARY KEY AUTOINCREMENT NOT NULL, "data" varchar(255), "created_at" datetime, "updated_at" datetime) [0m
  [4;35;1mSQL (0.5ms)[0m   [0m SELECT name
 FROM sqlite_master
 WHERE type = 'table' AND NOT name = 'sqlite_sequence'
[0m
  [4;36;1mSQL (2.9ms)[0m   [0;1mCREATE TABLE "schema_migrations" ("version" varchar(255) NOT NULL) [0m
  [4;35;1mSQL (2.7ms)[0m   [0mCREATE UNIQUE INDEX "unique_schema_migrations" ON "schema_migrations" ("version")[0m
  [4;36;1mSQL (0.4ms)[0m   [0;1m SELECT name
 FROM sqlite_master
 WHERE type = 'table' AND NOT name = 'sqlite_sequence'
[0m
  [4;35;1mSQL (0.1ms)[0m   [0mSELECT version FROM "schema_migrations"[0m
  [4;36;1mSQL (2.5ms)[0m   [0;1mINSERT INTO "schema_migrations" (version) VALUES ('20100121032928')[0m
  [4;35;1mSQL (3.0ms)[0m   [0mINSERT INTO "schema_migrations" (version) VALUES ('20100121032754')[0m
  [4;36;1mSQL (2.4ms)[0m   [0;1mINSERT INTO "schema_migrations" (version) VALUES ('20100121032806')[0m
  [4;35;1mSQL (2.6ms)[0m   [0mINSERT INTO "schema_migrations" (version) VALUES ('20100121032817')[0m
  [4;36;1mSQL (2.6ms)[0m   [0;1mINSERT INTO "schema_migrations" (version) VALUES ('20100121032825')[0m
  [4;35;1mSQL (2.9ms)[0m   [0mINSERT INTO "schema_migrations" (version) VALUES ('20100121032834')[0m
  [4;36;1mSQL (2.3ms)[0m   [0;1mINSERT INTO "schema_migrations" (version) VALUES ('20100121032854')[0m
  [4;35;1mSQL (2.5ms)[0m   [0mINSERT INTO "schema_migrations" (version) VALUES ('20100121032906')[0m
  [4;36;1mSQL (2.4ms)[0m   [0;1mINSERT INTO "schema_migrations" (version) VALUES ('20100121032915')[0m
